<?xml version="1.0" encoding="UTF-8"?>
<!-- Generated by org.testng.reporters.JUnitReportReporter -->
<testsuite hostname="Moe" failures="0" tests="1" name="Cucumber.TestNGTestRunner" time="8.260" errors="0" timestamp="2024-08-03T02:02:24 EDT" skipped="0">
  <testcase classname="Cucumber.TestNGTestRunner" name="runScenario" time="8.260"/>
</testsuite> <!-- Cucumber.TestNGTestRunner -->
