<?xml version="1.0" encoding="UTF-8"?>
<!-- Generated by org.testng.reporters.JUnitReportReporter -->
<testsuite hostname="Moe" failures="0" tests="2" name="automate.tests.ErrorValidations" time="11.288" errors="0" timestamp="2024-08-03T02:03:39 EDT" skipped="0">
  <testcase classname="automate.tests.ErrorValidations" name="loginErrorValidation" time="4.337"/>
  <testcase classname="automate.tests.ErrorValidations" name="productErrorValidation" time="6.951"/>
</testsuite> <!-- automate.tests.ErrorValidations -->
