<?xml version="1.0" encoding="UTF-8"?>
<!-- Generated by org.testng.reporters.JUnitReportReporter -->
<testsuite hostname="Moe" failures="0" tests="2" name="automate.tests.ErrorValidations" time="23.240" errors="0" timestamp="2024-05-29T20:51:10 EDT" skipped="0">
  <testcase classname="automate.tests.ErrorValidations" name="loginErrorValidation" time="9.570"/>
  <testcase classname="automate.tests.ErrorValidations" name="productErrorValidation" time="13.670"/>
</testsuite> <!-- automate.tests.ErrorValidations -->
