<?xml version="1.0" encoding="UTF-8"?>
<!-- Generated by org.testng.reporters.JUnitReportReporter -->
<testsuite hostname="Moe" failures="0" tests="3" name="automate.tests.TestPage" time="47.880" errors="0" timestamp="2024-05-29T20:51:10 EDT" skipped="0">
  <testcase classname="automate.tests.TestPage" name="runTest" time="18.554"/>
  <testcase classname="automate.tests.TestPage" name="runTest" time="15.127"/>
  <testcase classname="automate.tests.TestPage" name="runTest" time="14.199"/>
</testsuite> <!-- automate.tests.TestPage -->
