<?xml version="1.0" encoding="UTF-8"?>
<!-- Generated by org.testng.reporters.JUnitReportReporter -->
<testsuite hostname="Moe" failures="0" tests="1" name="Cucumber.TestNGTestRunner" time="9.748" errors="0" timestamp="2024-05-31T01:59:16 EDT" skipped="0">
  <testcase classname="Cucumber.TestNGTestRunner" name="runScenario" time="9.748"/>
</testsuite> <!-- Cucumber.TestNGTestRunner -->
